

> @easy-editor/editor-toolbar@0.0.1 build /Users/zhaojunzhe/easy-editor/packages/editor-toolbar
> NODE_ENV=production rollup -c rollup.config.js

[36m
[1msrc/index.ts[22m → [1mdist/main.js[22m...[39m
[1m[31m[!] [1m(plugin rpt2) Error: [96msrc/components/toolbarItem/ToolbarItemButtonWrapper.tsx[0m:[93m16[0m:[93m8[0m - [91merror[0m[90m TS2304: [0mCannot find name 'NewTooltip'.

[7m16[0m       <NewTooltip content={IntlComponent.get(intlStr, { command, option })}>
[7m  [0m [91m       ~~~~~~~~~~[0m
[96msrc/components/toolbarItem/ToolbarItemButtonWrapper.tsx[0m:[93m18[0m:[93m9[0m - [91merror[0m[90m TS2304: [0mCannot find name 'NewTooltip'.

[7m18[0m       </NewTooltip>
[7m  [0m [91m        ~~~~~~~~~~[0m
[22m[1m[39m[22m
src/index.ts
[2m
    at error (/Users/zhaojunzhe/easy-editor/node_modules/.pnpm/rollup@2.78.0/node_modules/rollup/dist/shared/rollup.js:198:30)
    at throwPluginError (/Users/zhaojunzhe/easy-editor/node_modules/.pnpm/rollup@2.78.0/node_modules/rollup/dist/shared/rollup.js:21911:12)
    at Object.error (/Users/zhaojunzhe/easy-editor/node_modules/.pnpm/rollup@2.78.0/node_modules/rollup/dist/shared/rollup.js:22633:20)
    at RollupContext.error (/Users/zhaojunzhe/easy-editor/node_modules/.pnpm/rollup-plugin-typescript2@0.36.0_rollup@2.78.0_typescript@5.6.3/node_modules/rollup-plugin-typescript2/dist/rollup-plugin-typescript2.cjs.js:1457:26)
    at /Users/zhaojunzhe/easy-editor/node_modules/.pnpm/rollup-plugin-typescript2@0.36.0_rollup@2.78.0_typescript@5.6.3/node_modules/rollup-plugin-typescript2/dist/rollup-plugin-typescript2.cjs.js:27639:26
    at Array.forEach (<anonymous>)
    at printDiagnostics (/Users/zhaojunzhe/easy-editor/node_modules/.pnpm/rollup-plugin-typescript2@0.36.0_rollup@2.78.0_typescript@5.6.3/node_modules/rollup-plugin-typescript2/dist/rollup-plugin-typescript2.cjs.js:27615:17)
    at typecheckFile (/Users/zhaojunzhe/easy-editor/node_modules/.pnpm/rollup-plugin-typescript2@0.36.0_rollup@2.78.0_typescript@5.6.3/node_modules/rollup-plugin-typescript2/dist/rollup-plugin-typescript2.cjs.js:27972:9)
    at Object.<anonymous> (/Users/zhaojunzhe/easy-editor/node_modules/.pnpm/rollup-plugin-typescript2@0.36.0_rollup@2.78.0_typescript@5.6.3/node_modules/rollup-plugin-typescript2/dist/rollup-plugin-typescript2.cjs.js:28118:21)
    at Generator.next (<anonymous>)
    at /Users/zhaojunzhe/easy-editor/node_modules/.pnpm/rollup-plugin-typescript2@0.36.0_rollup@2.78.0_typescript@5.6.3/node_modules/rollup-plugin-typescript2/dist/rollup-plugin-typescript2.cjs.js:63:69
    at new Promise (<anonymous>)
    at __awaiter (/Users/zhaojunzhe/easy-editor/node_modules/.pnpm/rollup-plugin-typescript2@0.36.0_rollup@2.78.0_typescript@5.6.3/node_modules/rollup-plugin-typescript2/dist/rollup-plugin-typescript2.cjs.js:59:10)
    at Object.transform (/Users/zhaojunzhe/easy-editor/node_modules/.pnpm/rollup-plugin-typescript2@0.36.0_rollup@2.78.0_typescript@5.6.3/node_modules/rollup-plugin-typescript2/dist/rollup-plugin-typescript2.cjs.js:28099:20)
    at /Users/zhaojunzhe/easy-editor/node_modules/.pnpm/rollup@2.78.0/node_modules/rollup/dist/shared/rollup.js:22840:40[22m

[41m[30m ELIFECYCLE [39m[49m [31mCommand failed with exit code 1.[39m
