

> @easy-editor/editor@0.0.1 build /Users/zhaojunzhe/easy-editor/packages/editor-main
> NODE_ENV=production rollup -c rollup.config.js

[36m
[1msrc/index.ts[22m → [1mdist/main.js[22m...[39m
[33m[1mDeprecation Warning[0m: The legacy JS API is deprecated and will be removed in Dart Sass 2.0.0.

More info: https://sass-lang.com/d/legacy-js-api

[33m[1mDeprecation Warning[0m: Global built-in functions are deprecated and will be removed in Dart Sass 3.0.0.
Use list.nth instead.

More info and automated migrator: https://sass-lang.com/d/import

[34m   ╷[0m
[34m71 │[0m       @return [31mnth($list-styles, ($depth % 3) + 1)[0m;
[34m   │[0m [31m              ^^^^^^^^^^^^^^^^^^^^^^^^^^^^^^^^^^^[0m
[34m   ╵[0m
    src/styles/root.scss 71:15  list-style-type()
    src/styles/root.scss 79:28  ul-list-type-generator()
    src/styles/root.scss 90:5   root stylesheet

[32mcreated [1mdist/main.js[22m in [1m8.3s[22m[39m
[36m
[1msrc/index.ts[22m → [1mdist/index.esm.js[22m...[39m
[33m[1mDeprecation Warning[0m: The legacy JS API is deprecated and will be removed in Dart Sass 2.0.0.

More info: https://sass-lang.com/d/legacy-js-api

[33m[1mDeprecation Warning[0m: Global built-in functions are deprecated and will be removed in Dart Sass 3.0.0.
Use list.nth instead.

More info and automated migrator: https://sass-lang.com/d/import

[34m   ╷[0m
[34m71 │[0m       @return [31mnth($list-styles, ($depth % 3) + 1)[0m;
[34m   │[0m [31m              ^^^^^^^^^^^^^^^^^^^^^^^^^^^^^^^^^^^[0m
[34m   ╵[0m
    src/styles/root.scss 71:15  list-style-type()
    src/styles/root.scss 79:28  ul-list-type-generator()
    src/styles/root.scss 90:5   root stylesheet

[32mcreated [1mdist/index.esm.js[22m in [1m5.4s[22m[39m
