

> @easy-editor/editor-common@0.0.1 build /Users/zhaojunzhe/easy-editor/packages/editor-common
> NODE_ENV=production rollup -c rollup.config.js --bundleConfigAsCjs

[36m
[1msrc/index.ts[22m → [1mdist/main.js[22m...[39m
[33m[1mDeprecation Warning[0m: The legacy JS API is deprecated and will be removed in Dart Sass 2.0.0.

More info: https://sass-lang.com/d/legacy-js-api

[33m[1mDeprecation Warning[0m: The legacy JS API is deprecated and will be removed in Dart Sass 2.0.0.

More info: https://sass-lang.com/d/legacy-js-api

[33m[1mDeprecation Warning[0m: The legacy JS API is deprecated and will be removed in Dart Sass 2.0.0.

More info: https://sass-lang.com/d/legacy-js-api

[33m[1mDeprecation Warning[0m: The legacy JS API is deprecated and will be removed in Dart Sass 2.0.0.

More info: https://sass-lang.com/d/legacy-js-api

[33m[1mDeprecation Warning[0m: The legacy JS API is deprecated and will be removed in Dart Sass 2.0.0.

More info: https://sass-lang.com/d/legacy-js-api

[33m[1mDeprecation Warning[0m: The legacy JS API is deprecated and will be removed in Dart Sass 2.0.0.

More info: https://sass-lang.com/d/legacy-js-api

[33m[1mDeprecation Warning[0m: The legacy JS API is deprecated and will be removed in Dart Sass 2.0.0.

More info: https://sass-lang.com/d/legacy-js-api

[33m[1mDeprecation Warning[0m: The legacy JS API is deprecated and will be removed in Dart Sass 2.0.0.

More info: https://sass-lang.com/d/legacy-js-api

[33m[1mDeprecation Warning[0m: The legacy JS API is deprecated and will be removed in Dart Sass 2.0.0.

More info: https://sass-lang.com/d/legacy-js-api

[33m[1mDeprecation Warning[0m: The legacy JS API is deprecated and will be removed in Dart Sass 2.0.0.

More info: https://sass-lang.com/d/legacy-js-api

[33m[1mDeprecation Warning[0m: Global built-in functions are deprecated and will be removed in Dart Sass 3.0.0.
Use color.adjust instead.

More info and automated migrator: https://sass-lang.com/d/import

[34m   ╷[0m
[34m10 │[0m   color: [31mdarken(white, 10%)[0m;
[34m   │[0m [31m         ^^^^^^^^^^^^^^^^^^[0m
[34m   ╵[0m
    src/components/FilePreview/index.scss 10:10  root stylesheet

[33m[1mDeprecation Warning[0m: darken() is deprecated. Suggestions:

color.scale($color, $lightness: -10%)
color.adjust($color, $lightness: -10%)

More info: https://sass-lang.com/d/color-functions

[34m   ╷[0m
[34m10 │[0m   color: [31mdarken(white, 10%)[0m;
[34m   │[0m [31m         ^^^^^^^^^^^^^^^^^^[0m
[34m   ╵[0m
    src/components/FilePreview/index.scss 10:10  root stylesheet

[33m[1mDeprecation Warning[0m: The legacy JS API is deprecated and will be removed in Dart Sass 2.0.0.

More info: https://sass-lang.com/d/legacy-js-api

[33m[1mDeprecation Warning[0m: The legacy JS API is deprecated and will be removed in Dart Sass 2.0.0.

More info: https://sass-lang.com/d/legacy-js-api

[33m[1mDeprecation Warning[0m: The legacy JS API is deprecated and will be removed in Dart Sass 2.0.0.

More info: https://sass-lang.com/d/legacy-js-api

Browserslist: browsers data (caniuse-lite) is 8 months old. Please run:
  npx update-browserslist-db@latest
  Why you should do it regularly: https://github.com/browserslist/update-db#readme
[32mcreated [1mdist/main.js[22m in [1m13.7s[22m[39m
[36m
[1msrc/index.ts[22m → [1mdist/index.esm.js[22m...[39m
[33m[1mDeprecation Warning[0m: The legacy JS API is deprecated and will be removed in Dart Sass 2.0.0.

More info: https://sass-lang.com/d/legacy-js-api

[33m[1mDeprecation Warning[0m: The legacy JS API is deprecated and will be removed in Dart Sass 2.0.0.

More info: https://sass-lang.com/d/legacy-js-api

[33m[1mDeprecation Warning[0m: The legacy JS API is deprecated and will be removed in Dart Sass 2.0.0.

More info: https://sass-lang.com/d/legacy-js-api

[33m[1mDeprecation Warning[0m: The legacy JS API is deprecated and will be removed in Dart Sass 2.0.0.

More info: https://sass-lang.com/d/legacy-js-api

[33m[1mDeprecation Warning[0m: The legacy JS API is deprecated and will be removed in Dart Sass 2.0.0.

More info: https://sass-lang.com/d/legacy-js-api

[33m[1mDeprecation Warning[0m: The legacy JS API is deprecated and will be removed in Dart Sass 2.0.0.

More info: https://sass-lang.com/d/legacy-js-api

[33m[1mDeprecation Warning[0m: The legacy JS API is deprecated and will be removed in Dart Sass 2.0.0.

More info: https://sass-lang.com/d/legacy-js-api

[33m[1mDeprecation Warning[0m: The legacy JS API is deprecated and will be removed in Dart Sass 2.0.0.

More info: https://sass-lang.com/d/legacy-js-api

[33m[1mDeprecation Warning[0m: The legacy JS API is deprecated and will be removed in Dart Sass 2.0.0.

More info: https://sass-lang.com/d/legacy-js-api

[33m[1mDeprecation Warning[0m: The legacy JS API is deprecated and will be removed in Dart Sass 2.0.0.

More info: https://sass-lang.com/d/legacy-js-api

[33m[1mDeprecation Warning[0m: The legacy JS API is deprecated and will be removed in Dart Sass 2.0.0.

More info: https://sass-lang.com/d/legacy-js-api

[33m[1mDeprecation Warning[0m: The legacy JS API is deprecated and will be removed in Dart Sass 2.0.0.

More info: https://sass-lang.com/d/legacy-js-api

[33m[1mDeprecation Warning[0m: The legacy JS API is deprecated and will be removed in Dart Sass 2.0.0.

More info: https://sass-lang.com/d/legacy-js-api

[33m[1mDeprecation Warning[0m: Global built-in functions are deprecated and will be removed in Dart Sass 3.0.0.
Use color.adjust instead.

More info and automated migrator: https://sass-lang.com/d/import

[34m   ╷[0m
[34m10 │[0m   color: [31mdarken(white, 10%)[0m;
[34m   │[0m [31m         ^^^^^^^^^^^^^^^^^^[0m
[34m   ╵[0m
    src/components/FilePreview/index.scss 10:10  root stylesheet

[33m[1mDeprecation Warning[0m: darken() is deprecated. Suggestions:

color.scale($color, $lightness: -10%)
color.adjust($color, $lightness: -10%)

More info: https://sass-lang.com/d/color-functions

[34m   ╷[0m
[34m10 │[0m   color: [31mdarken(white, 10%)[0m;
[34m   │[0m [31m         ^^^^^^^^^^^^^^^^^^[0m
[34m   ╵[0m
    src/components/FilePreview/index.scss 10:10  root stylesheet

[32mcreated [1mdist/index.esm.js[22m in [1m7.9s[22m[39m
